\BOOKMARK [0][-]{section*.1}{\376\377\000R\000e\000s\000u\000m\000e\000n}{}% 1
\BOOKMARK [0][-]{section*.2}{\376\377\000a\000c\000k\000n\000o\000w\000l\000e\000d\000g\000e\000m\000e\000n\000t\000s}{}% 2
\BOOKMARK [0][-]{chapter.8}{\376\377\000I\000n\000t\000r\000o\000d\000u\000c\000c\000i\000\363\000n}{}% 3
\BOOKMARK [1][-]{section.9}{\376\377\000I\000n\000t\000r\000o\000d\000u\000c\000c\000i\000\363\000n}{chapter.8}% 4
\BOOKMARK [1][-]{section.10}{\376\377\000M\000o\000t\000i\000v\000a\000c\000i\000\363\000n}{chapter.8}% 5
\BOOKMARK [1][-]{section.11}{\376\377\000D\000e\000s\000c\000r\000i\000p\000c\000i\000\363\000n\000\040\000d\000e\000l\000\040\000p\000r\000o\000b\000l\000e\000m\000a}{chapter.8}% 6
\BOOKMARK [1][-]{section.12}{\376\377\000O\000b\000j\000t\000i\000v\000o\000\040\000g\000e\000n\000e\000r\000a\000l}{chapter.8}% 7
\BOOKMARK [1][-]{section.13}{\376\377\000O\000b\000j\000e\000t\000i\000v\000o\000s\000\040\000e\000s\000p\000e\000c\000\355\000f\000i\000c\000o\000s}{chapter.8}% 8
\BOOKMARK [1][-]{section.14}{\376\377\000A\000n\000\341\000l\000i\000s\000i\000s\000\040\000p\000r\000e\000l\000i\000m\000i\000n\000a\000r}{chapter.8}% 9
\BOOKMARK [1][-]{section.19}{\376\377\000O\000r\000g\000a\000n\000i\000z\000a\000c\000i\000\363\000n\000\040\000d\000e\000\040\000l\000a\000\040\000t\000e\000s\000i\000s}{chapter.8}% 10
\BOOKMARK [0][-]{chapter.20}{\376\377\000O\000p\000t\000i\000m\000i\000z\000a\000c\000i\000\363\000n\000\040\000M\000u\000l\000t\000i\000-\000o\000b\000j\000e\000t\000i\000v\000o}{}% 11
\BOOKMARK [1][-]{section.21}{\376\377\000C\000o\000n\000c\000e\000p\000t\000o\000s}{chapter.20}% 12
\BOOKMARK [2][-]{subsection.23}{\376\377\000D\000o\000m\000i\000n\000a\000n\000c\000i\000a}{section.21}% 13
\BOOKMARK [1][-]{section.38}{\376\377\000A\000l\000g\000o\000r\000i\000t\000m\000o\000s\000\040\000E\000v\000o\000l\000u\000t\000i\000v\000o\000s\000\040\000M\000u\000l\000t\000i\000-\000o\000b\000j\000e\000t\000i\000v\000o}{chapter.20}% 14
\BOOKMARK [2][-]{subsection.39}{\376\377\000M\000\351\000t\000o\000d\000o\000s\000\040\000C\000l\000\341\000s\000i\000c\000o\000s}{section.38}% 15
\BOOKMARK [3][-]{section*.40}{\376\377\000M\000\351\000t\000o\000d\000o\000\040\000d\000e\000\040\000s\000u\000m\000a\000s\000\040\000p\000o\000n\000d\000e\000r\000a\000d\000a\000s}{subsection.39}% 16
\BOOKMARK [3][-]{section*.47}{\376\377\000M\000\351\000t\000o\000d\000o\000\040\000d\000e\000\040\000r\000e\000s\000t\000r\000i\000c\000c\000i\000\363\000n}{subsection.39}% 17
\BOOKMARK [3][-]{section*.52}{\376\377\000M\000\351\000t\000o\000d\000o\000s\000\040\000c\000o\000n\000\040\000m\000\351\000t\000r\000i\000c\000a\000s\000\040\000p\000o\000n\000d\000e\000r\000a\000d\000a\000s}{subsection.39}% 18
\BOOKMARK [2][-]{subsection.57}{\376\377\000M\000\351\000t\000o\000d\000o\000s\000\040\000I\000n\000i\000c\000i\000a\000l\000e\000s}{section.38}% 19
\BOOKMARK [3][-]{section*.58}{\376\377\000A\000l\000g\000o\000r\000i\000t\000m\000o\000\040\000G\000e\000n\000\351\000t\000i\000c\000o\000\040\000b\000a\000s\000a\000d\000o\000\040\000e\000n\000\040\000E\000v\000a\000l\000u\000a\000c\000i\000\363\000n\000\040\000d\000e\000\040\000V\000e\000c\000t\000o\000r\000e\000s\000\040\000-\000\040\000V\000E\000G\000A}{subsection.57}% 20
\BOOKMARK [3][-]{section*.62}{\376\377\000A\000l\000g\000o\000r\000i\000t\000m\000o\000\040\000G\000e\000n\000\351\000t\000i\000c\000o\000\040\000d\000e\000\040\000M\000\372\000l\000t\000i\000p\000l\000e\000s\000\040\000O\000b\000j\000e\000t\000i\000v\000o\000s\000\040\000-\000\040\000M\000O\000G\000A}{subsection.57}% 21
\BOOKMARK [3][-]{section*.65}{\376\377\000A\000l\000g\000o\000r\000i\000t\000m\000o\000\040\000G\000e\000n\000\351\000t\000i\000c\000o\000\040\000b\000a\000s\000a\000d\000o\000\040\000e\000n\000\040\000N\000i\000c\000h\000o\000s\000\040\000d\000e\000\040\000P\000a\000r\000e\000t\000o\000\040\000-\000\040\000N\000P\000G\000A}{subsection.57}% 22
\BOOKMARK [2][-]{subsection.70}{\376\377\000M\000\351\000t\000o\000d\000o\000s\000\040\000A\000c\000t\000u\000a\000l\000e\000s}{section.38}% 23
\BOOKMARK [3][-]{section*.71}{\376\377\000M\000\351\000t\000o\000d\000o\000s\000\040\000b\000a\000s\000a\000d\000o\000s\000\040\000e\000n\000\040\000d\000o\000m\000i\000n\000a\000n\000c\000i\000a}{subsection.70}% 24
\BOOKMARK [3][-]{section*.72}{\376\377\000M\000\351\000t\000o\000d\000o\000s\000\040\000b\000a\000s\000a\000d\000o\000s\000\040\000e\000n\000\040\000i\000n\000d\000i\000c\000a\000d\000o\000r\000e\000s}{subsection.70}% 25
\BOOKMARK [3][-]{section*.73}{\376\377\000M\000\351\000t\000o\000d\000o\000s\000\040\000b\000a\000s\000a\000d\000o\000s\000\040\000e\000n\000\040\000d\000e\000s\000c\000o\000m\000p\000o\000s\000i\000c\000i\000\363\000n}{subsection.70}% 26
\BOOKMARK [1][-]{section.74}{\376\377\000E\000s\000t\000a\000d\000o\000\040\000d\000e\000l\000\040\000a\000r\000t\000e}{chapter.20}% 27
\BOOKMARK [2][-]{subsection.75}{\376\377\000A\000l\000g\000o\000r\000i\000t\000m\000o\000\040\000G\000e\000n\000\351\000t\000i\000c\000o\000\040\000b\000a\000s\000a\000d\000o\000\040\000e\000n\000\040\000O\000r\000d\000e\000n\000a\000c\000i\000\363\000n\000\040\000d\000e\000\040\000N\000o\000\040\000d\000o\000m\000i\000n\000a\000d\000o\000s\000\040\000I\000I\000\040\000\050\000N\000S\000G\000A\000-\000I\000I\000\051}{section.74}% 28
\BOOKMARK [2][-]{subsection.79}{\376\377\000A\000l\000g\000o\000r\000i\000t\000m\000o\000\040\000E\000v\000o\000l\000u\000t\000i\000v\000o\000\040\000M\000u\000l\000t\000i\000-\000o\000b\000j\000e\000t\000i\000v\000o\000\040\000B\000a\000s\000a\000d\000o\000\040\000e\000n\000\040\000D\000e\000s\000c\000o\000m\000p\000o\000s\000i\000c\000i\000\363\000n\000\040\000\050\000M\000O\000E\000A\000/\000D\000\051\000\040}{section.74}% 29
\BOOKMARK [2][-]{subsection.90}{\376\377\000A\000l\000g\000o\000r\000i\000t\000m\000o\000\040\000E\000v\000o\000l\000u\000t\000i\000v\000o\000\040\000M\000u\000l\000t\000i\000-\000o\000b\000j\000e\000t\000i\000v\000o\000\040\000b\000a\000s\000a\000d\000o\000\040\000e\000n\000\040\000s\000e\000l\000e\000c\000c\000i\000\363\000n\000\040\000d\000e\000\040\000l\000a\000\040\000M\000\351\000t\000r\000i\000c\000a\000\040\000S\000\040\000\050\000S\000M\000S\000-\000E\000M\000O\000A\000\051}{section.74}% 30
\BOOKMARK [2][-]{subsection.93}{\376\377\000M\000e\000t\000a\000h\000e\000u\000r\000\355\000s\000t\000i\000c\000a\000\040\000d\000e\000\040\000M\000u\000c\000h\000o\000s\000\040\000O\000b\000j\000e\000t\000i\000v\000o\000s\000\040\000B\000a\000s\000a\000d\000a\000\040\000e\000n\000\040\000e\000l\000\040\000I\000n\000d\000i\000c\000a\000d\000o\000r\000\040\000\050\000R\0002\000\040\000M\000O\000M\000B\000I\000-\000I\000I\000\051}{section.74}% 31
\BOOKMARK [2][-]{subsection.96}{\376\377\000E\000v\000o\000l\000u\000c\000i\000\363\000n\000\040\000D\000i\000f\000e\000r\000e\000n\000c\000i\000a\000l\000\040\000G\000e\000n\000e\000r\000a\000l\000i\000z\000a\000d\000a\000\040\000\050\000G\000D\000E\0003\000\051}{section.74}% 32
\BOOKMARK [1][-]{section.98}{\376\377\000P\000r\000o\000b\000l\000e\000m\000a\000s\000\040\000d\000e\000\040\000P\000r\000u\000e\000b\000a}{chapter.20}% 33
\BOOKMARK [2][-]{subsection.99}{\376\377\000Z\000D\000T}{section.98}% 34
\BOOKMARK [2][-]{subsection.106}{\376\377\000D\000T\000L\000Z}{section.98}% 35
\BOOKMARK [2][-]{subsection.115}{\376\377\000T\000h\000e\000\040\000W\000a\000l\000k\000i\000n\000g\000\040\000F\000i\000s\000h\000\040\000G\000r\000o\000u\000p\000\040\000\050\000W\000F\000G\000\051}{section.98}% 36
\BOOKMARK [2][-]{subsection.119}{\376\377\000P\000r\000o\000b\000l\000e\000m\000a\000s\000\040\000d\000e\000\040\000p\000r\000u\000e\000b\000a\000\040\000s\000i\000n\000\040\000r\000e\000s\000t\000r\000i\000c\000c\000i\000o\000n\000e\000s\000\040\000\050\000U\000F\000\051}{section.98}% 37
\BOOKMARK [2][-]{subsection.124}{\376\377\000G\000e\000n\000e\000r\000a\000r\000\040\000l\000a\000s\000\040\000s\000o\000l\000u\000c\000i\000o\000n\000e\000s\000\040\000\363\000p\000t\000i\000m\000a\000s}{section.98}% 38
\BOOKMARK [1][-]{section.126}{\376\377\000M\000\351\000t\000r\000i\000c\000a\000s}{chapter.20}% 39
\BOOKMARK [2][-]{subsection.127}{\376\377\000D\000i\000s\000t\000a\000n\000c\000i\000a\000\040\000G\000e\000n\000e\000r\000a\000c\000i\000o\000n\000a\000l\000\040\000y\000\040\000D\000i\000s\000t\000a\000n\000c\000i\000a\000\040\000G\000e\000n\000e\000r\000a\000c\000i\000o\000n\000a\000l\000\040\000I\000n\000v\000e\000r\000t\000i\000d\000a}{section.126}% 40
\BOOKMARK [2][-]{subsection.131}{\376\377\000D\000i\000s\000t\000a\000n\000c\000i\000a\000\040\000p\000r\000o\000m\000e\000d\000i\000o\000\040\000d\000e\000\040\000H\000a\000u\000s\000d\000o\000r\000f\000f\000\040\000p}{section.126}% 41
\BOOKMARK [2][-]{subsection.133}{\376\377\000D\000i\000s\000t\000a\000n\000c\000i\000a\000\040\000a\000l\000\040\000v\000e\000c\000i\000n\000o\000\040\000m\000\341\000s\000\040\000c\000e\000r\000c\000a\000n\000o\000\040\000-\000\040\000D\000C\000N}{section.126}% 42
\BOOKMARK [2][-]{subsection.135}{\376\377\000D\000i\000s\000t\000a\000n\000c\000i\000a\000\040\000m\000e\000d\000i\000a\000\040\000\050\000A\000D\000I\000\051}{section.126}% 43
\BOOKMARK [2][-]{subsection.140}{\376\377\000H\000i\000p\000e\000r\000v\000o\000l\000u\000m\000e\000n\000\040\000H\000V}{section.126}% 44
\BOOKMARK [2][-]{subsection.143}{\376\377\000I\000n\000d\000i\000c\000a\000d\000o\000r\000\040\000R\0002}{section.126}% 45
\BOOKMARK [2][-]{subsection.151}{\376\377\000S\000u\000p\000e\000r\000f\000i\000c\000i\000e\000s\000\040\000d\000e\000\040\000c\000u\000b\000r\000i\000m\000i\000e\000n\000t\000o}{section.126}% 46
\BOOKMARK [0][-]{chapter.154}{\376\377\000A\000l\000g\000o\000r\000i\000t\000m\000o\000\040\000d\000e\000\040\000D\000i\000v\000e\000r\000s\000i\000d\000a\000d\000\040\000b\000a\000s\000a\000d\000o\000\040\000e\000n\000\040\000D\000o\000m\000i\000n\000a\000n\000c\000i\000a}{}% 47
\BOOKMARK [1][-]{section.155}{\376\377\000I\000n\000t\000r\000o\000d\000u\000c\000c\000i\000\363\000n}{chapter.154}% 48
\BOOKMARK [1][-]{section.156}{\376\377\000D\000i\000v\000e\000r\000s\000i\000d\000a\000d\000\040\000e\000n\000\040\000e\000l\000\040\000e\000s\000p\000a\000c\000i\000o\000\040\000d\000e\000\040\000l\000a\000s\000\040\000v\000a\000r\000i\000a\000b\000l\000e\000s\000\040\000e\000n\000\040\000M\000O\000E\000A\000s}{chapter.154}% 49
\BOOKMARK [1][-]{section.157}{\376\377\000T\000r\000a\000b\000a\000j\000o\000s\000\040\000r\000e\000l\000a\000c\000i\000o\000n\000a\000d\000o\000s}{chapter.154}% 50
\BOOKMARK [1][-]{section.158}{\376\377\000P\000r\000o\000p\000u\000e\000s\000t\000a}{chapter.154}% 51
\BOOKMARK [1][-]{section.178}{\376\377\000S\000i\000m\000u\000l\000a\000c\000i\000\363\000n\000\040\000A\000l\000g\000o\000r\000i\000t\000m\000o\000\040\000V\000S\000D\000-\000M\000O\000E\000A}{chapter.154}% 52
\BOOKMARK [1][-]{section.185}{\376\377\000C\000o\000m\000p\000l\000e\000j\000i\000d\000a\000d}{chapter.154}% 53
\BOOKMARK [0][-]{chapter.191}{\376\377\000A\000l\000g\000o\000r\000i\000t\000m\000o\000s\000\040\000d\000e\000\040\000D\000i\000v\000e\000r\000s\000i\000d\000a\000d\000\040\000B\000a\000s\000a\000d\000o\000s\000\040\000e\000n\000\040\000D\000e\000s\000c\000o\000m\000p\000o\000s\000i\000c\000i\000\363\000n}{}% 54
\BOOKMARK [1][-]{section.194}{\376\377\000M\000\351\000t\000o\000d\000o\000s\000\040\000d\000e\000\040\000d\000e\000s\000c\000o\000m\000p\000o\000s\000i\000c\000i\000\363\000n}{chapter.191}% 55
\BOOKMARK [1][-]{section.198}{\376\377\000M\000\351\000t\000o\000d\000o\000s\000\040\000g\000e\000n\000e\000r\000a\000d\000o\000r\000e\000s\000\040\000p\000a\000r\000a\000\040\000l\000o\000s\000\040\000v\000e\000c\000t\000o\000r\000e\000s\000\040\000d\000e\000\040\000p\000e\000s\000o\000s}{chapter.191}% 56
\BOOKMARK [1][-]{section.205}{\376\377\000E\000n\000f\000o\000q\000u\000e\000s\000\040\000p\000a\000r\000a\000\040\000c\000o\000n\000v\000e\000r\000t\000i\000r\000\040\000u\000n\000\040\000p\000r\000o\000b\000l\000e\000m\000a\000\040\000m\000u\000l\000t\000i\000-\000o\000b\000j\000e\000t\000i\000v\000o\000\040\000a\000\040\000m\000o\000n\000o\000-\000o\000b\000j\000e\000t\000i\000v\000o}{chapter.191}% 57
\BOOKMARK [1][-]{section.208}{\376\377\000P\000r\000o\000p\000u\000e\000s\000t\000a\000\040\000c\000o\000n\000\040\000s\000e\000l\000e\000c\000c\000i\000\363\000n\000\040\000e\000s\000p\000e\000c\000i\000a\000l\000\040\000d\000e\000\040\000p\000a\000d\000r\000e\000s\000\040\000\050\000M\000O\000E\000A\000/\000D\000-\000E\000V\000S\000D\000\051}{chapter.191}% 58
\BOOKMARK [2][-]{subsection.211}{\376\377\000F\000a\000s\000e\000\040\000d\000e\000\040\000i\000n\000t\000e\000n\000s\000i\000f\000i\000c\000a\000c\000i\000\363\000n}{section.208}% 59
\BOOKMARK [2][-]{subsection.214}{\376\377\000O\000b\000s\000e\000r\000v\000a\000c\000i\000o\000n\000e\000s}{section.208}% 60
\BOOKMARK [1][-]{section.216}{\376\377\000P\000r\000o\000p\000u\000e\000s\000t\000a\000\040\000d\000e\000\040\000d\000i\000v\000e\000r\000s\000i\000d\000a\000d\000\040\000c\000o\000n\000\040\000e\000l\000i\000t\000i\000s\000m\000o\000\040\000e\000s\000p\000e\000c\000i\000a\000l\000\040\000\050\000M\000O\000E\000A\000/\000D\000-\000S\000E\000B\000V\000\051}{chapter.191}% 61
\BOOKMARK [2][-]{subsection.221}{\376\377\000O\000b\000s\000e\000r\000v\000a\000c\000i\000o\000n\000e\000s}{section.216}% 62
\BOOKMARK [1][-]{section.222}{\376\377\000A\000l\000g\000o\000r\000i\000t\000m\000o\000\040\000d\000e\000\040\000d\000e\000s\000c\000o\000m\000p\000o\000s\000i\000c\000i\000\363\000n\000\040\000b\000a\000s\000a\000d\000o\000\040\000e\000n\000\040\000l\000a\000\040\000d\000i\000v\000e\000r\000s\000i\000d\000a\000d\000\040\000\050\000V\000S\000D\000-\000M\000O\000E\000A\000/\000D\000\051}{chapter.191}% 63
\BOOKMARK [2][-]{subsection.223}{\376\377\000E\000s\000p\000e\000c\000i\000a\000c\000i\000\363\000n\000\040\000d\000e\000\040\000l\000a\000\040\000p\000o\000b\000l\000a\000c\000i\000\363\000n}{section.222}% 64
\BOOKMARK [2][-]{subsection.227}{\376\377\000P\000r\000o\000p\000u\000e\000s\000t\000a\000\040\000a\000l\000g\000o\000r\000\355\000t\000m\000i\000c\000a\000\040\000V\000S\000D\000-\000M\000O\000E\000A\000/\000D}{section.222}% 65
\BOOKMARK [2][-]{subsection.232}{\376\377\000O\000b\000s\000e\000r\000v\000a\000c\000i\000o\000n\000e\000s}{section.222}% 66
\BOOKMARK [1][-]{section.233}{\376\377\000C\000o\000m\000p\000l\000e\000j\000i\000d\000a\000d\000\040\000d\000e\000\040\000l\000o\000s\000\040\000a\000l\000g\000o\000r\000i\000t\000m\000o\000s\000\040\000p\000r\000o\000p\000u\000e\000s\000t\000o\000s\000\040}{chapter.191}% 67
\BOOKMARK [2][-]{subsection.241}{\376\377\000O\000p\000t\000i\000m\000i\000z\000a\000c\000i\000\363\000n\000\040\000p\000r\000o\000p\000u\000e\000s\000t\000a\000\040\000-\000\040\000F\000a\000s\000t\000\040\000V\000S\000D\000-\000M\000O\000E\000A\000/\000D}{section.233}% 68
\BOOKMARK [0][-]{chapter.244}{\376\377\000A\000n\000\341\000l\000i\000s\000i\000s\000\040\000y\000\040\000d\000i\000s\000e\000\361\000o\000\040\000d\000e\000\040\000o\000p\000e\000r\000a\000d\000o\000r\000e\000s\000\040\000e\000v\000o\000l\000u\000t\000i\000v\000o\000s\000\040\000e\000n\000\040\000e\000s\000q\000u\000e\000m\000a\000s\000\040\000d\000e\000\040\000d\000i\000v\000e\000r\000s\000i\000d\000a\000d}{}% 69
\BOOKMARK [1][-]{section.245}{\376\377\000I\000n\000t\000r\000o\000d\000u\000c\000c\000i\000\363\000n}{chapter.244}% 70
\BOOKMARK [1][-]{section.246}{\376\377\000O\000p\000e\000r\000a\000d\000o\000r\000e\000s\000\040\000d\000e\000\040\000c\000r\000u\000c\000e}{chapter.244}% 71
\BOOKMARK [2][-]{subsection.247}{\376\377\000C\000r\000u\000c\000e\000\040\000B\000i\000n\000a\000r\000i\000o\000\040\000S\000i\000m\000u\000l\000a\000d\000o\000\040\000\050\000S\000B\000X\000\051}{section.246}% 72
\BOOKMARK [2][-]{subsection.254}{\376\377\000A\000n\000\341\000l\000i\000s\000i\000s\000\040\000o\000p\000e\000r\000a\000d\000o\000r\000\040\000d\000e\000\040\000c\000r\000u\000c\000e\000\040\000S\000B\000X}{section.246}% 73
\BOOKMARK [2][-]{subsection.256}{\376\377\000P\000r\000o\000p\000u\000e\000s\000t\000a\000\040\000d\000e\000l\000\040\000o\000p\000e\000r\000a\000d\000o\000r\000\040\000S\000B\000X\000\040\000b\000a\000s\000a\000d\000o\000\040\000e\000n\000\040\000e\000s\000q\000u\000e\000m\000a\000s\000\040\000d\000e\000\040\000d\000i\000v\000e\000r\000s\000i\000d\000a\000d}{section.246}% 74
\BOOKMARK [2][-]{subsection.259}{\376\377\000O\000p\000e\000r\000a\000d\000o\000r\000e\000s\000\040\000d\000e\000\040\000e\000v\000o\000l\000u\000c\000i\000\363\000n\000\040\000d\000i\000f\000e\000r\000e\000n\000c\000i\000a\000l\000\040\000\050\000D\000E\000\051}{section.246}% 75
\BOOKMARK [3][-]{section*.260}{\376\377\000E\000s\000q\000u\000e\000m\000a\000\040\000c\000l\000\341\000s\000i\000c\000o\000\040\000d\000e\000\040\000D\000E}{subsection.259}% 76
\BOOKMARK [0][-]{chapter.276}{\376\377\000V\000a\000l\000i\000d\000a\000c\000i\000\363\000n\000\040\000E\000x\000p\000e\000r\000i\000m\000e\000n\000t\000a\000l}{}% 77
\BOOKMARK [1][-]{section.277}{\376\377\000E\000s\000q\000u\000e\000m\000a\000\040\000d\000e\000\040\000v\000a\000l\000i\000d\000a\000c\000i\000\363\000n\000\040\000e\000x\000p\000e\000r\000i\000m\000e\000n\000t\000a\000l}{chapter.276}% 78
\BOOKMARK [1][-]{section.281}{\376\377\000A\000l\000g\000o\000r\000i\000t\000m\000o\000\040\000b\000a\000s\000a\000d\000o\000\040\000e\000n\000\040\000d\000o\000m\000i\000n\000a\000n\000c\000i\000a\000\040\000V\000S\000D\000-\000M\000O\000E\000A}{chapter.276}% 79
\BOOKMARK [2][-]{subsection.290}{\376\377\000E\000s\000t\000u\000d\000i\000o\000\040\000d\000e\000\040\000e\000s\000c\000a\000l\000a\000b\000i\000l\000i\000d\000a\000d\000\040\000e\000n\000\040\000e\000l\000\040\000e\000s\000p\000a\000c\000i\000o\000\040\000d\000e\000\040\000l\000a\000s\000\040\000v\000a\000r\000i\000a\000b\000l\000e\000s}{section.281}% 80
\BOOKMARK [2][-]{subsection.293}{\376\377\000E\000s\000t\000u\000d\000i\000o\000\040\000d\000e\000\040\000l\000a\000\040\000i\000n\000f\000l\000u\000e\000n\000c\000i\000a\000\040\000d\000e\000l\000\040\000p\000a\000r\000\341\000m\000e\000t\000r\000o\000\040\000r\000e\000l\000a\000c\000i\000o\000n\000a\000d\000o\000\040\000c\000o\000n\000\040\000l\000a\000\040\000d\000i\000v\000e\000r\000s\000i\000d\000a\000d}{section.281}% 81
\BOOKMARK [2][-]{subsection.296}{\376\377\000S\000u\000p\000e\000r\000f\000i\000c\000i\000e\000s\000\040\000d\000e\000\040\000c\000u\000b\000r\000i\000m\000i\000e\000n\000t\000o}{section.281}% 82
\BOOKMARK [1][-]{section.298}{\376\377\000A\000l\000g\000o\000r\000i\000t\000m\000o\000s\000\040\000b\000a\000s\000a\000d\000o\000s\000\040\000e\000n\000\040\000d\000e\000s\000c\000o\000m\000p\000o\000s\000i\000c\000i\000\363\000n}{chapter.276}% 83
\BOOKMARK [2][-]{subsection.299}{\376\377\000V\000a\000l\000i\000d\000a\000c\000i\000\363\000n\000\040\000e\000x\000p\000e\000r\000i\000m\000e\000n\000t\000a\000l\000\040\000d\000e\000l\000\040\000M\000O\000E\000A\000/\000D\000-\000E\000V\000S\000D}{section.298}% 84
\BOOKMARK [2][-]{subsection.303}{\376\377\000V\000a\000l\000i\000d\000a\000c\000i\000\363\000n\000\040\000e\000x\000p\000e\000r\000i\000m\000e\000n\000t\000a\000l\000\040\000d\000e\000\040\000l\000o\000s\000\040\000a\000l\000g\000o\000r\000i\000t\000m\000o\000s\000\040\000M\000O\000E\000A\000/\000D\000-\000S\000E\000B\000V\000\040\000y\000\040\000V\000S\000D\000-\000M\000O\000E\000A\000/\000D}{section.298}% 85
\BOOKMARK [2][-]{subsection.306}{\376\377\000C\000o\000m\000p\000a\000r\000a\000t\000i\000v\000a\000\040\000d\000e\000\040\000l\000o\000s\000\040\000a\000l\000g\000o\000r\000i\000t\000m\000o\000s\000\040\000r\000e\000p\000r\000e\000s\000e\000n\000t\000a\000t\000i\000v\000o\000s\000\040\000y\000\040\000b\000a\000s\000a\000d\000o\000s\000\040\000e\000n\000\040\000d\000i\000v\000e\000r\000s\000i\000d\000a\000d}{section.298}% 86
\BOOKMARK [1][-]{section.312}{\376\377\000O\000p\000e\000r\000a\000d\000o\000r\000\040\000d\000e\000\040\000c\000r\000u\000c\000e\000\040\000S\000B\000X}{chapter.276}% 87
\BOOKMARK [0][-]{chapter.316}{\376\377\000C\000o\000n\000c\000l\000u\000s\000i\000o\000n\000e\000s\000\040\000y\000\040\000T\000r\000a\000b\000a\000j\000o\000\040\000F\000u\000t\000u\000r\000o}{}% 88
\BOOKMARK [1][-]{section.317}{\376\377\000T\000r\000a\000b\000a\000j\000o\000\040\000f\000u\000t\000u\000r\000o}{chapter.316}% 89
\BOOKMARK [0][-]{appendix.318}{\376\377\000A\000l\000g\000o\000r\000i\000t\000m\000o\000\040\000b\000a\000s\000a\000d\000o\000\040\000d\000e\000\040\000d\000i\000v\000e\000r\000s\000i\000d\000a\000d\000\040\000b\000a\000s\000a\000d\000o\000\040\000e\000n\000\040\000d\000o\000m\000i\000n\000a\000n\000c\000i\000a}{}% 90
\BOOKMARK [0][-]{appendix.350}{\376\377\000A\000l\000g\000o\000r\000i\000t\000m\000o\000s\000\040\000d\000e\000\040\000d\000i\000v\000e\000r\000s\000i\000d\000a\000d\000\040\000b\000a\000s\000a\000d\000o\000s\000\040\000e\000n\000\040\000d\000e\000s\000c\000o\000m\000p\000o\000s\000i\000c\000i\000\363\000n}{}% 91
\BOOKMARK [1][-]{section.351}{\376\377\000A\000l\000g\000o\000r\000i\000t\000m\000o\000\040\000b\000a\000s\000a\000d\000o\000\040\000e\000n\000\040\000d\000e\000s\000c\000o\000m\000p\000o\000s\000i\000c\000i\000\363\000n\000\040\000c\000o\000n\000\040\000e\000m\000p\000a\000r\000e\000j\000a\000m\000i\000e\000n\000t\000o\000\040\000e\000s\000p\000e\000c\000i\000a\000l\000\040\000d\000e\000\040\000p\000a\000d\000r\000e\000s}{appendix.350}% 92
\BOOKMARK [0][-]{appendix.379}{\376\377\000O\000p\000e\000r\000a\000d\000o\000r\000\040\000d\000e\000\040\000c\000r\000u\000c\000e\000\040\000b\000i\000n\000a\000r\000i\000o\000\040\000s\000i\000m\000u\000l\000a\000d\000o}{}% 93
\BOOKMARK [0][-]{appendix*.381}{\376\377\000B\000i\000b\000l\000i\000o\000g\000r\000a\000f\000\355\000a}{}% 94
