\BOOKMARK [0][-]{section*.1}{\376\377\000R\000e\000s\000u\000m\000e\000n}{}% 1
\BOOKMARK [0][-]{section*.2}{\376\377\000A\000g\000r\000a\000d\000e\000c\000i\000m\000i\000e\000n\000t\000o\000s}{}% 2
\BOOKMARK [0][-]{chapter.6}{\376\377\000I\000n\000t\000r\000o\000d\000u\000c\000c\000i\000\363\000n}{}% 3
\BOOKMARK [1][-]{section.7}{\376\377\000I\000n\000t\000r\000o\000d\000u\000c\000c\000i\000\363\000n}{chapter.6}% 4
\BOOKMARK [1][-]{section.8}{\376\377\000M\000o\000t\000i\000v\000a\000c\000i\000\363\000n}{chapter.6}% 5
\BOOKMARK [1][-]{section.9}{\376\377\000D\000e\000s\000c\000r\000i\000p\000c\000i\000\363\000n\000\040\000d\000e\000l\000\040\000p\000r\000o\000b\000l\000e\000m\000a\000\040\000e\000\040\000h\000i\000p\000\363\000t\000e\000s\000i\000s}{chapter.6}% 6
\BOOKMARK [1][-]{section.10}{\376\377\000O\000b\000j\000e\000t\000i\000v\000o\000\040\000g\000e\000n\000e\000r\000a\000l}{chapter.6}% 7
\BOOKMARK [1][-]{section.11}{\376\377\000C\000o\000n\000t\000r\000i\000b\000u\000c\000i\000o\000n\000e\000s}{chapter.6}% 8
\BOOKMARK [1][-]{section.12}{\376\377\000O\000r\000g\000a\000n\000i\000z\000a\000c\000i\000\363\000n\000\040\000d\000e\000\040\000l\000a\000\040\000t\000e\000s\000i\000s}{chapter.6}% 9
\BOOKMARK [0][-]{chapter.13}{\376\377\000O\000p\000t\000i\000m\000i\000z\000a\000c\000i\000\363\000n\000\040\000M\000u\000l\000t\000i\000-\000o\000b\000j\000e\000t\000i\000v\000o}{}% 10
\BOOKMARK [1][-]{section.14}{\376\377\000C\000o\000n\000c\000e\000p\000t\000o\000s}{chapter.13}% 11
\BOOKMARK [2][-]{subsection.16}{\376\377\000D\000o\000m\000i\000n\000a\000n\000c\000i\000a}{section.14}% 12
\BOOKMARK [1][-]{section.30}{\376\377\000O\000p\000t\000i\000m\000i\000z\000a\000d\000o\000r\000e\000s\000\040\000M\000u\000l\000t\000i\000-\000o\000b\000j\000e\000t\000i\000v\000o}{chapter.13}% 13
\BOOKMARK [2][-]{subsection.31}{\376\377\000M\000\351\000t\000o\000d\000o\000s\000\040\000C\000l\000\341\000s\000i\000c\000o\000s}{section.30}% 14
\BOOKMARK [3][-]{section*.32}{\376\377\000M\000\351\000t\000o\000d\000o\000\040\000d\000e\000\040\000s\000u\000m\000a\000s\000\040\000p\000o\000n\000d\000e\000r\000a\000d\000a\000s}{subsection.31}% 15
\BOOKMARK [3][-]{section*.38}{\376\377\000M\000\351\000t\000o\000d\000o\000\040\000d\000e\000\040\000r\000e\000s\000t\000r\000i\000c\000c\000i\000\363\000n\000\040}{subsection.31}% 16
\BOOKMARK [3][-]{section*.43}{\376\377\000M\000\351\000t\000o\000d\000o\000s\000\040\000c\000o\000n\000\040\000m\000\351\000t\000r\000i\000c\000a\000s\000\040\000p\000o\000n\000d\000e\000r\000a\000d\000a\000s}{subsection.31}% 17
\BOOKMARK [2][-]{subsection.48}{\376\377\000A\000l\000g\000o\000r\000i\000t\000m\000o\000s\000\040\000E\000v\000o\000l\000u\000t\000i\000v\000o\000s\000\040\000M\000u\000l\000t\000i\000-\000o\000b\000j\000e\000t\000i\000v\000o\000\040\000I\000n\000i\000c\000i\000a\000l\000e\000s}{section.30}% 18
\BOOKMARK [3][-]{section*.49}{\376\377\000A\000l\000g\000o\000r\000i\000t\000m\000o\000\040\000G\000e\000n\000\351\000t\000i\000c\000o\000\040\000b\000a\000s\000a\000d\000o\000\040\000e\000n\000\040\000E\000v\000a\000l\000u\000a\000c\000i\000\363\000n\000\040\000d\000e\000\040\000V\000e\000c\000t\000o\000r\000e\000s\000\040\000\050\000V\000E\000G\000A\000\051}{subsection.48}% 19
\BOOKMARK [3][-]{section*.53}{\376\377\000A\000l\000g\000o\000r\000i\000t\000m\000o\000\040\000G\000e\000n\000\351\000t\000i\000c\000o\000\040\000d\000e\000\040\000M\000\372\000l\000t\000i\000p\000l\000e\000s\000\040\000O\000b\000j\000e\000t\000i\000v\000o\000s\000\040\000\050\000M\000O\000G\000A\000\051}{subsection.48}% 20
\BOOKMARK [3][-]{section*.56}{\376\377\000A\000l\000g\000o\000r\000i\000t\000m\000o\000\040\000G\000e\000n\000\351\000t\000i\000c\000o\000\040\000b\000a\000s\000a\000d\000o\000\040\000e\000n\000\040\000N\000i\000c\000h\000o\000s\000\040\000y\000\040\000P\000a\000r\000e\000t\000o\000\040\000\050\000N\000P\000G\000A\000\051}{subsection.48}% 21
\BOOKMARK [2][-]{subsection.60}{\376\377\000C\000l\000a\000s\000i\000f\000i\000c\000a\000c\000i\000\363\000n\000\040\000A\000c\000t\000u\000a\000l\000\040\000d\000e\000\040\000A\000l\000g\000o\000r\000i\000t\000m\000o\000s\000\040\000E\000v\000o\000l\000u\000t\000i\000v\000o\000s\000\040\000M\000u\000l\000t\000i\000-\000o\000b\000j\000e\000t\000i\000v\000o}{section.30}% 22
\BOOKMARK [3][-]{section*.61}{\376\377\000M\000\351\000t\000o\000d\000o\000s\000\040\000b\000a\000s\000a\000d\000o\000s\000\040\000e\000n\000\040\000d\000o\000m\000i\000n\000a\000n\000c\000i\000a}{subsection.60}% 23
\BOOKMARK [3][-]{section*.62}{\376\377\000M\000\351\000t\000o\000d\000o\000s\000\040\000b\000a\000s\000a\000d\000o\000s\000\040\000e\000n\000\040\000i\000n\000d\000i\000c\000a\000d\000o\000r\000e\000s}{subsection.60}% 24
\BOOKMARK [3][-]{section*.63}{\376\377\000M\000\351\000t\000o\000d\000o\000s\000\040\000b\000a\000s\000a\000d\000o\000s\000\040\000e\000n\000\040\000d\000e\000s\000c\000o\000m\000p\000o\000s\000i\000c\000i\000\363\000n}{subsection.60}% 25
\BOOKMARK [1][-]{section.64}{\376\377\000E\000s\000t\000a\000d\000o\000\040\000d\000e\000l\000\040\000a\000r\000t\000e}{chapter.13}% 26
\BOOKMARK [2][-]{subsection.65}{\376\377\000A\000l\000g\000o\000r\000i\000t\000m\000o\000\040\000G\000e\000n\000\351\000t\000i\000c\000o\000\040\000b\000a\000s\000a\000d\000o\000\040\000e\000n\000\040\000O\000r\000d\000e\000n\000a\000c\000i\000\363\000n\000\040\000d\000e\000\040\000N\000o\000\040\000d\000o\000m\000i\000n\000a\000d\000o\000s\000\040\000I\000I\000\040\000\050\000N\000S\000G\000A\000-\000I\000I\000\051}{section.64}% 27
\BOOKMARK [2][-]{subsection.69}{\376\377\000A\000l\000g\000o\000r\000i\000t\000m\000o\000\040\000E\000v\000o\000l\000u\000t\000i\000v\000o\000\040\000M\000u\000l\000t\000i\000-\000o\000b\000j\000e\000t\000i\000v\000o\000\040\000B\000a\000s\000a\000d\000o\000\040\000e\000n\000\040\000D\000e\000s\000c\000o\000m\000p\000o\000s\000i\000c\000i\000\363\000n\000\040\000\050\000M\000O\000E\000A\000/\000D\000\051\000\040}{section.64}% 28
\BOOKMARK [2][-]{subsection.80}{\376\377\000A\000l\000g\000o\000r\000i\000t\000m\000o\000\040\000E\000v\000o\000l\000u\000t\000i\000v\000o\000\040\000M\000u\000l\000t\000i\000-\000o\000b\000j\000e\000t\000i\000v\000o\000\040\000b\000a\000s\000a\000d\000o\000\040\000e\000n\000\040\000s\000e\000l\000e\000c\000c\000i\000\363\000n\000\040\000d\000e\000\040\000l\000a\000\040\000M\000\351\000t\000r\000i\000c\000a\000\040\000S\000\040\000\050\000S\000M\000S\000-\000E\000M\000O\000A\000\051}{section.64}% 29
\BOOKMARK [2][-]{subsection.83}{\376\377\000M\000e\000t\000a\000h\000e\000u\000r\000\355\000s\000t\000i\000c\000a\000\040\000d\000e\000\040\000M\000u\000c\000h\000o\000s\000\040\000O\000b\000j\000e\000t\000i\000v\000o\000s\000\040\000B\000a\000s\000a\000d\000a\000\040\000e\000n\000\040\000e\000l\000\040\000I\000n\000d\000i\000c\000a\000d\000o\000r\000\040\000R\0002\000\040\000\050\000M\000O\000M\000B\000I\000-\000I\000I\000\051}{section.64}% 30
\BOOKMARK [2][-]{subsection.86}{\376\377\000E\000v\000o\000l\000u\000c\000i\000\363\000n\000\040\000D\000i\000f\000e\000r\000e\000n\000c\000i\000a\000l\000\040\000G\000e\000n\000e\000r\000a\000l\000i\000z\000a\000d\000a\000\040\000\050\000G\000D\000E\0003\000\051}{section.64}% 31
\BOOKMARK [1][-]{section.88}{\376\377\000P\000r\000o\000b\000l\000e\000m\000a\000s\000\040\000d\000e\000\040\000P\000r\000u\000e\000b\000a}{chapter.13}% 32
\BOOKMARK [2][-]{subsection.90}{\376\377\000Z\000D\000T}{section.88}% 33
\BOOKMARK [2][-]{subsection.98}{\376\377\000D\000T\000L\000Z}{section.88}% 34
\BOOKMARK [2][-]{subsection.108}{\376\377\000G\000e\000n\000e\000r\000a\000d\000o\000r\000\040\000d\000e\000\040\000P\000r\000o\000b\000l\000e\000m\000a\000s\000\040\000W\000a\000l\000k\000i\000n\000g\000\040\000F\000i\000s\000h\000\040\000G\000r\000o\000u\000p\000\040\000\050\000W\000F\000G\000\051}{section.88}% 35
\BOOKMARK [2][-]{subsection.111}{\376\377\000P\000r\000o\000b\000l\000e\000m\000a\000s\000\040\000d\000e\000\040\000p\000r\000u\000e\000b\000a\000\040\000s\000i\000n\000\040\000r\000e\000s\000t\000r\000i\000c\000c\000i\000o\000n\000e\000s\000\040\000\050\000U\000F\000\040\000-\000\040\000U\000n\000c\000o\000n\000s\000t\000r\000a\000i\000n\000e\000d\000\040\000F\000u\000n\000c\000t\000i\000o\000n\000s\000\051}{section.88}% 36
\BOOKMARK [2][-]{subsection.116}{\376\377\000G\000e\000n\000e\000r\000a\000c\000i\000\363\000n\000\040\000d\000e\000\040\000s\000o\000l\000u\000c\000i\000o\000n\000e\000s\000\040\000\363\000p\000t\000i\000m\000a\000s}{section.88}% 37
\BOOKMARK [1][-]{section.118}{\376\377\000A\000n\000\341\000l\000i\000s\000i\000s\000\040\000d\000e\000\040\000r\000e\000n\000d\000i\000m\000i\000e\000n\000t\000o\000\040\000d\000e\000\040\000o\000p\000t\000i\000m\000i\000z\000a\000d\000o\000r\000e\000s\000\040\000m\000u\000l\000t\000i\000-\000o\000b\000j\000e\000t\000i\000v\000o}{chapter.13}% 38
\BOOKMARK [2][-]{subsection.119}{\376\377\000D\000i\000s\000t\000a\000n\000c\000i\000a\000\040\000G\000e\000n\000e\000r\000a\000c\000i\000o\000n\000a\000l\000\040\000y\000\040\000D\000i\000s\000t\000a\000n\000c\000i\000a\000\040\000G\000e\000n\000e\000r\000a\000c\000i\000o\000n\000a\000l\000\040\000I\000n\000v\000e\000r\000t\000i\000d\000a}{section.118}% 39
\BOOKMARK [2][-]{subsection.123}{\376\377\000D\000i\000s\000t\000a\000n\000c\000i\000a\000\040\000p\000r\000o\000m\000e\000d\000i\000o\000\040\000d\000e\000\040\000H\000a\000u\000s\000d\000o\000r\000f\000f\000\040\000p}{section.118}% 40
\BOOKMARK [2][-]{subsection.125}{\376\377\000D\000i\000s\000t\000a\000n\000c\000i\000a\000\040\000a\000l\000\040\000v\000e\000c\000i\000n\000o\000\040\000m\000\341\000s\000\040\000c\000e\000r\000c\000a\000n\000o\000\040\000\050\000D\000C\000N\000\040\000-\000\040\000D\000i\000s\000t\000a\000n\000c\000e\000\040\000t\000o\000\040\000t\000h\000e\000\040\000C\000l\000o\000s\000e\000s\000t\000\040\000N\000e\000i\000g\000h\000b\000o\000r\000\051}{section.118}% 41
\BOOKMARK [2][-]{subsection.126}{\376\377\000D\000i\000s\000t\000a\000n\000c\000i\000a\000\040\000m\000e\000d\000i\000a\000\040\000\050\000A\000D\000I\000\040\000-\000\040\000A\000v\000e\000r\000a\000g\000e\000\040\000D\000i\000s\000t\000a\000n\000c\000e\000\040\000t\000o\000\040\000a\000l\000l\000\040\000I\000n\000d\000i\000v\000i\000d\000u\000a\000l\000s\000\051}{section.118}% 42
\BOOKMARK [2][-]{subsection.128}{\376\377\000H\000i\000p\000e\000r\000v\000o\000l\000u\000m\000e\000n\000\040\000\050\000H\000V\000\040\000-\000\040\000H\000y\000p\000e\000r\000v\000o\000l\000u\000m\000e\000\051}{section.118}% 43
\BOOKMARK [2][-]{subsection.131}{\376\377\000I\000n\000d\000i\000c\000a\000d\000o\000r\000\040\000R\0002}{section.118}% 44
\BOOKMARK [2][-]{subsection.138}{\376\377\000S\000u\000p\000e\000r\000f\000i\000c\000i\000e\000s\000\040\000d\000e\000\040\000A\000l\000c\000a\000n\000c\000e}{section.118}% 45
\BOOKMARK [1][-]{section.142}{\376\377\000A\000n\000\341\000l\000i\000s\000i\000s\000\040\000p\000r\000e\000l\000i\000m\000i\000n\000a\000r\000\040\000d\000e\000\040\000A\000l\000g\000o\000r\000i\000t\000m\000o\000s\000\040\000A\000c\000t\000u\000a\000l\000e\000s}{chapter.13}% 46
\BOOKMARK [0][-]{chapter.145}{\376\377\000A\000l\000g\000o\000r\000i\000t\000m\000o\000\040\000b\000a\000s\000a\000d\000o\000\040\000e\000n\000\040\000D\000o\000m\000i\000n\000a\000n\000c\000i\000a\000\040\000c\000o\000n\000\040\000C\000o\000n\000t\000r\000o\000l\000\040\000d\000e\000\040\000D\000i\000v\000e\000r\000s\000i\000d\000a\000d\000\040\000e\000n\000\040\000e\000l\000\040\000E\000s\000p\000a\000c\000i\000o\000\040\000d\000e\000\040\000D\000e\000c\000i\000s\000i\000\363\000n}{}% 47
\BOOKMARK [1][-]{section.146}{\376\377\000I\000n\000t\000r\000o\000d\000u\000c\000c\000i\000\363\000n}{chapter.145}% 48
\BOOKMARK [1][-]{section.147}{\376\377\000D\000i\000v\000e\000r\000s\000i\000d\000a\000d\000\040\000e\000n\000\040\000e\000l\000\040\000e\000s\000p\000a\000c\000i\000o\000\040\000d\000e\000\040\000l\000a\000s\000\040\000v\000a\000r\000i\000a\000b\000l\000e\000s\000\040\000e\000n\000\040\000E\000A\000s\000\040\000m\000o\000n\000o\000-\000o\000b\000j\000e\000t\000i\000v\000o\000\040\000y\000\040\000m\000u\000l\000t\000i\000-\000o\000b\000j\000e\000t\000i\000v\000o}{chapter.145}% 49
\BOOKMARK [1][-]{section.148}{\376\377\000P\000r\000o\000p\000u\000e\000s\000t\000a}{chapter.145}% 50
\BOOKMARK [1][-]{section.170}{\376\377\000A\000n\000\341\000l\000i\000s\000i\000s\000\040\000d\000e\000l\000\040\000p\000r\000o\000c\000e\000s\000o\000\040\000d\000e\000\040\000b\000\372\000s\000q\000u\000e\000d\000a\000\040\000e\000n\000\040\000V\000S\000D\000-\000M\000O\000E\000A}{chapter.145}% 51
\BOOKMARK [1][-]{section.176}{\376\377\000C\000o\000m\000p\000l\000e\000j\000i\000d\000a\000d\000\040\000A\000l\000g\000o\000r\000\355\000t\000m\000i\000c\000a}{chapter.145}% 52
\BOOKMARK [0][-]{chapter.181}{\376\377\000A\000l\000g\000o\000r\000i\000t\000m\000o\000s\000\040\000b\000a\000s\000a\000d\000o\000s\000\040\000e\000n\000\040\000D\000e\000s\000c\000o\000m\000p\000o\000s\000i\000c\000i\000\363\000n\000\040\000c\000o\000n\000\040\000C\000o\000n\000t\000r\000o\000l\000\040\000d\000e\000\040\000D\000i\000v\000e\000r\000s\000i\000d\000a\000d\000\040\000e\000n\000\040\000e\000l\000\040\000E\000s\000p\000a\000c\000i\000o\000\040\000d\000e\000\040\000D\000e\000c\000i\000s\000i\000\363\000n}{}% 53
\BOOKMARK [1][-]{section.182}{\376\377\000I\000n\000t\000r\000o\000d\000u\000c\000c\000i\000\363\000n}{chapter.181}% 54
\BOOKMARK [1][-]{section.183}{\376\377\000E\000s\000t\000r\000a\000t\000e\000g\000i\000a\000s\000\040\000p\000a\000r\000a\000\040\000m\000e\000j\000o\000r\000a\000r\000\040\000l\000o\000s\000\040\000m\000\351\000t\000o\000d\000o\000s\000\040\000d\000e\000\040\000d\000e\000s\000c\000o\000m\000p\000o\000s\000i\000c\000i\000\363\000n}{chapter.181}% 55
\BOOKMARK [1][-]{section.195}{\376\377\000P\000r\000o\000p\000u\000e\000s\000t\000a\000\040\000c\000o\000n\000\040\000s\000e\000l\000e\000c\000c\000i\000\363\000n\000\040\000e\000s\000p\000e\000c\000i\000a\000l\000\040\000d\000e\000\040\000p\000a\000d\000r\000e\000s\000\040\000\050\000M\000O\000E\000A\000/\000D\000-\000E\000V\000S\000D\000\051}{chapter.181}% 56
\BOOKMARK [2][-]{subsection.198}{\376\377\000O\000b\000s\000e\000r\000v\000a\000c\000i\000o\000n\000e\000s}{section.195}% 57
\BOOKMARK [1][-]{section.200}{\376\377\000P\000r\000o\000p\000u\000e\000s\000t\000a\000\040\000d\000e\000\040\000d\000i\000v\000e\000r\000s\000i\000d\000a\000d\000\040\000c\000o\000n\000\040\000e\000l\000i\000t\000i\000s\000m\000o\000\040\000e\000s\000p\000e\000c\000i\000a\000l\000\040\000\050\000M\000O\000E\000A\000/\000D\000-\000S\000E\000B\000V\000\051}{chapter.181}% 58
\BOOKMARK [2][-]{subsection.205}{\376\377\000O\000b\000s\000e\000r\000v\000a\000c\000i\000o\000n\000e\000s}{section.200}% 59
\BOOKMARK [1][-]{section.206}{\376\377\000A\000l\000g\000o\000r\000i\000t\000m\000o\000\040\000d\000e\000\040\000d\000e\000s\000c\000o\000m\000p\000o\000s\000i\000c\000i\000\363\000n\000\040\000b\000a\000s\000a\000d\000o\000\040\000e\000n\000\040\000l\000a\000\040\000d\000i\000v\000e\000r\000s\000i\000d\000a\000d\000\040\000\050\000V\000S\000D\000-\000M\000O\000E\000A\000/\000D\000\051}{chapter.181}% 60
\BOOKMARK [2][-]{subsection.209}{\376\377\000O\000b\000s\000e\000r\000v\000a\000c\000i\000o\000n\000e\000s}{section.206}% 61
\BOOKMARK [1][-]{section.210}{\376\377\000C\000o\000m\000p\000l\000e\000j\000i\000d\000a\000d\000\040\000d\000e\000\040\000l\000o\000s\000\040\000a\000l\000g\000o\000r\000i\000t\000m\000o\000s\000\040\000p\000r\000o\000p\000u\000e\000s\000t\000o\000s}{chapter.181}% 62
\BOOKMARK [2][-]{subsection.218}{\376\377\000O\000p\000t\000i\000m\000i\000z\000a\000c\000i\000\363\000n\000\040\000p\000r\000o\000p\000u\000e\000s\000t\000a\000\040\000-\000\040\000F\000a\000s\000t\000\040\000V\000S\000D\000-\000M\000O\000E\000A\000/\000D}{section.210}% 63
\BOOKMARK [0][-]{chapter.221}{\376\377\000O\000p\000e\000r\000a\000d\000o\000r\000e\000s\000\040\000d\000e\000\040\000r\000e\000p\000r\000o\000d\000u\000c\000c\000i\000\363\000n\000\040\000y\000\040\000d\000i\000v\000e\000r\000s\000i\000d\000a\000d}{}% 64
\BOOKMARK [1][-]{section.222}{\376\377\000I\000n\000t\000r\000o\000d\000u\000c\000c\000i\000\363\000n}{chapter.221}% 65
\BOOKMARK [1][-]{section.223}{\376\377\000O\000p\000e\000r\000a\000d\000o\000r\000e\000s\000\040\000d\000e\000\040\000c\000r\000u\000c\000e}{chapter.221}% 66
\BOOKMARK [2][-]{subsection.224}{\376\377\000C\000r\000u\000c\000e\000\040\000B\000i\000n\000a\000r\000i\000o\000\040\000S\000i\000m\000u\000l\000a\000d\000o\000\040\000\050\000S\000B\000X\000\051}{section.223}% 67
\BOOKMARK [2][-]{subsection.231}{\376\377\000A\000n\000\341\000l\000i\000s\000i\000s\000\040\000o\000p\000e\000r\000a\000d\000o\000r\000\040\000d\000e\000\040\000c\000r\000u\000c\000e\000\040\000S\000B\000X}{section.223}% 68
\BOOKMARK [2][-]{subsection.233}{\376\377\000P\000r\000o\000p\000u\000e\000s\000t\000a\000\040\000d\000e\000l\000\040\000o\000p\000e\000r\000a\000d\000o\000r\000\040\000S\000B\000X\000\040\000b\000a\000s\000a\000d\000o\000\040\000e\000n\000\040\000e\000s\000q\000u\000e\000m\000a\000s\000\040\000d\000e\000\040\000d\000i\000v\000e\000r\000s\000i\000d\000a\000d}{section.223}% 69
\BOOKMARK [1][-]{section.236}{\376\377\000O\000p\000e\000r\000a\000d\000o\000r\000e\000s\000\040\000d\000e\000\040\000e\000v\000o\000l\000u\000c\000i\000\363\000n\000\040\000d\000i\000f\000e\000r\000e\000n\000c\000i\000a\000l\000\040\000\050\000D\000E\000\051}{chapter.221}% 70
\BOOKMARK [0][-]{chapter.253}{\376\377\000V\000a\000l\000i\000d\000a\000c\000i\000\363\000n\000\040\000E\000x\000p\000e\000r\000i\000m\000e\000n\000t\000a\000l}{}% 71
\BOOKMARK [1][-]{section.254}{\376\377\000E\000s\000q\000u\000e\000m\000a\000\040\000d\000e\000\040\000v\000a\000l\000i\000d\000a\000c\000i\000\363\000n\000\040\000e\000x\000p\000e\000r\000i\000m\000e\000n\000t\000a\000l}{chapter.253}% 72
\BOOKMARK [1][-]{section.258}{\376\377\000A\000l\000g\000o\000r\000i\000t\000m\000o\000\040\000b\000a\000s\000a\000d\000o\000\040\000e\000n\000\040\000d\000o\000m\000i\000n\000a\000n\000c\000i\000a\000\040\000V\000S\000D\000-\000M\000O\000E\000A}{chapter.253}% 73
\BOOKMARK [2][-]{subsection.259}{\376\377\000R\000e\000n\000d\000i\000m\000i\000e\000n\000t\000o\000\040\000f\000r\000e\000n\000t\000e\000\040\000a\000l\000\040\000e\000s\000t\000a\000d\000o\000\040\000d\000e\000l\000\040\000a\000r\000t\000e}{section.258}% 74
\BOOKMARK [2][-]{subsection.268}{\376\377\000E\000s\000t\000u\000d\000i\000o\000\040\000d\000e\000\040\000e\000s\000c\000a\000l\000a\000b\000i\000l\000i\000d\000a\000d\000\040\000e\000n\000\040\000e\000l\000\040\000e\000s\000p\000a\000c\000i\000o\000\040\000d\000e\000\040\000l\000a\000s\000\040\000v\000a\000r\000i\000a\000b\000l\000e\000s}{section.258}% 75
\BOOKMARK [2][-]{subsection.271}{\376\377\000E\000s\000t\000u\000d\000i\000o\000\040\000d\000e\000\040\000l\000a\000\040\000i\000n\000f\000l\000u\000e\000n\000c\000i\000a\000\040\000d\000e\000l\000\040\000p\000a\000r\000\341\000m\000e\000t\000r\000o\000\040\000D\000I}{section.258}% 76
\BOOKMARK [2][-]{subsection.274}{\376\377\000S\000u\000p\000e\000r\000f\000i\000c\000i\000e\000s\000\040\000d\000e\000\040\000c\000u\000b\000r\000i\000m\000i\000e\000n\000t\000o}{section.258}% 77
\BOOKMARK [1][-]{section.276}{\376\377\000A\000l\000g\000o\000r\000i\000t\000m\000o\000s\000\040\000b\000a\000s\000a\000d\000o\000s\000\040\000e\000n\000\040\000d\000e\000s\000c\000o\000m\000p\000o\000s\000i\000c\000i\000\363\000n}{chapter.253}% 78
\BOOKMARK [2][-]{subsection.277}{\376\377\000V\000a\000l\000i\000d\000a\000c\000i\000\363\000n\000\040\000e\000x\000p\000e\000r\000i\000m\000e\000n\000t\000a\000l\000\040\000d\000e\000l\000\040\000M\000O\000E\000A\000/\000D\000-\000E\000V\000S\000D}{section.276}% 79
\BOOKMARK [2][-]{subsection.281}{\376\377\000V\000a\000l\000i\000d\000a\000c\000i\000\363\000n\000\040\000e\000x\000p\000e\000r\000i\000m\000e\000n\000t\000a\000l\000\040\000d\000e\000\040\000l\000o\000s\000\040\000a\000l\000g\000o\000r\000i\000t\000m\000o\000s\000\040\000M\000O\000E\000A\000/\000D\000-\000S\000E\000B\000V\000\040\000y\000\040\000V\000S\000D\000-\000M\000O\000E\000A\000/\000D}{section.276}% 80
\BOOKMARK [2][-]{subsection.284}{\376\377\000C\000o\000m\000p\000a\000r\000a\000t\000i\000v\000a\000\040\000e\000n\000t\000r\000e\000\040\000a\000l\000g\000o\000r\000i\000t\000m\000o\000s\000\040\000b\000a\000s\000a\000d\000o\000s\000\040\000e\000n\000\040\000d\000i\000v\000e\000r\000s\000i\000d\000a\000d\000\040\000y\000\040\000e\000l\000\040\000e\000s\000t\000a\000d\000o\000\040\000d\000e\000l\000\040\000a\000r\000t\000e}{section.276}% 81
\BOOKMARK [1][-]{section.290}{\376\377\000O\000p\000e\000r\000a\000d\000o\000r\000\040\000d\000e\000\040\000c\000r\000u\000c\000e\000\040\000S\000B\000X}{chapter.253}% 82
\BOOKMARK [0][-]{chapter.294}{\376\377\000C\000o\000n\000c\000l\000u\000s\000i\000o\000n\000e\000s\000\040\000y\000\040\000T\000r\000a\000b\000a\000j\000o\000\040\000F\000u\000t\000u\000r\000o}{}% 83
\BOOKMARK [1][-]{section.295}{\376\377\000C\000o\000n\000c\000l\000u\000s\000i\000o\000n\000e\000s}{chapter.294}% 84
\BOOKMARK [1][-]{section.296}{\376\377\000T\000r\000a\000b\000a\000j\000o\000\040\000f\000u\000t\000u\000r\000o}{chapter.294}% 85
\BOOKMARK [0][-]{appendix.297}{\376\377\000R\000e\000s\000u\000l\000t\000a\000d\000o\000s\000\040\000a\000d\000i\000c\000i\000o\000n\000a\000l\000e\000s\000\040\000p\000a\000r\000a\000\040\000V\000S\000D\000-\000M\000O\000E\000A}{}% 86
\BOOKMARK [0][-]{appendix.328}{\376\377\000R\000e\000s\000u\000l\000t\000a\000d\000o\000s\000\040\000a\000d\000i\000c\000i\000o\000n\000a\000l\000e\000s\000\040\000p\000a\000r\000a\000\040\000l\000a\000s\000\040\000p\000r\000o\000p\000u\000e\000s\000t\000a\000s\000\040\000b\000a\000s\000a\000d\000a\000s\000\040\000e\000n\000\040\000d\000e\000s\000c\000o\000m\000p\000o\000s\000i\000c\000i\000\363\000n}{}% 87
\BOOKMARK [0][-]{appendix*.354}{\376\377\000B\000i\000b\000l\000i\000o\000g\000r\000a\000f\000\355\000a}{}% 88
